<?xml version="1.0" encoding="UTF-8"?>
<testsuite name="com.amphion.asr.internal.PcmSubmissionLimiterTest" tests="2" skipped="0" failures="0" errors="0" timestamp="2026-09-17T11:03:22" hostname="redacted" time="0.208">
  <properties/>
  <testcase name="fullBudgetBlocksUntilSamplesAreReleased" classname="com.amphion.asr.internal.PcmSubmissionLimiterTest" time="0.105"/>
  <testcase name="stopAcceptingWakesBlockedProducerWithoutReservation" classname="com.amphion.asr.internal.PcmSubmissionLimiterTest" time="0.103"/>
  <system-out><![CDATA[]]></system-out>
  <system-err><![CDATA[]]></system-err>
</testsuite>
