<?xml version="1.0" encoding="UTF-8"?>
<testsuite name="com.amphion.asr.AsrConfigColdStartTest" tests="2" skipped="0" failures="0" errors="0" timestamp="2026-09-17T11:03:21" hostname="redacted" time="0.027">
  <properties/>
  <testcase name="endpointRule3AcceptsOnlyDisableSentinelOrPositiveFiniteDuration" classname="com.amphion.asr.AsrConfigColdStartTest" time="0.026"/>
  <testcase name="defaultConfigDisablesOrtPrepacking" classname="com.amphion.asr.AsrConfigColdStartTest" time="0.0"/>
  <system-out><![CDATA[]]></system-out>
  <system-err><![CDATA[]]></system-err>
</testsuite>
