<?xml version="1.0" encoding="UTF-8"?>
<testsuite name="com.amphion.dingqiao.PoliceEnhancementEngineCallbackTest" tests="6" skipped="0" failures="0" errors="0" timestamp="2026-09-17T10:04:59" hostname="redacted" time="0.127">
  <properties/>
  <testcase name="finishThenShutdownWaitsForUniqueLastAndComplete" classname="com.amphion.dingqiao.PoliceEnhancementEngineCallbackTest" time="0.109"/>
  <testcase name="queuedPartialStaysSuppressedWhenCallerDisabledPartials" classname="com.amphion.dingqiao.PoliceEnhancementEngineCallbackTest" time="0.007"/>
  <testcase name="queuedPartialIsDeliveredWhenRuntimeSpeakerVadEnableReturns" classname="com.amphion.dingqiao.PoliceEnhancementEngineCallbackTest" time="0.003"/>
  <testcase name="publicEngineSnapshotsTogglePerSessionAndPreservesTerminalCallbackContract" classname="com.amphion.dingqiao.PoliceEnhancementEngineCallbackTest" time="0.003"/>
  <testcase name="rejectedPartialPublishesEmptyNonLastFinalAndKeepsSessionActive" classname="com.amphion.dingqiao.PoliceEnhancementEngineCallbackTest" time="0.003"/>
  <testcase name="shutdownFromCompleteCallbackReturnsAndReleasesAfterTerminalCallback" classname="com.amphion.dingqiao.PoliceEnhancementEngineCallbackTest" time="0.002"/>
  <system-out><![CDATA[]]></system-out>
  <system-err><![CDATA[]]></system-err>
</testsuite>
