<?xml version="1.0" encoding="UTF-8"?>
<testsuite name="com.amphion.dingqiao.DingqiaoEngineConfigTest" tests="30" skipped="0" failures="0" errors="0" timestamp="2026-08-24T06:50:06" hostname="redacted" time="0.021">
  <properties/>
  <testcase name="maxAudioDuration_isOptInFiniteAndCapped" classname="com.amphion.dingqiao.DingqiaoEngineConfigTest" time="0.004"/>
  <testcase name="buildSessionConfig_usesDefaultsWhenAbsent" classname="com.amphion.dingqiao.DingqiaoEngineConfigTest" time="0.002"/>
  <testcase name="buildAsrConfig_matchesHarmonyDefaultThreadCount" classname="com.amphion.dingqiao.DingqiaoEngineConfigTest" time="0.006"/>
  <testcase name="buildAsrConfig_includesPoliceHotwords" classname="com.amphion.dingqiao.DingqiaoEngineConfigTest" time="0.001"/>
  <testcase name="buildAsrConfig_voiceprintVerificationIsScoreOnly" classname="com.amphion.dingqiao.DingqiaoEngineConfigTest" time="0.001"/>
  <testcase name="buildAsrConfig_ignoresCreateEngineVadEnd" classname="com.amphion.dingqiao.DingqiaoEngineConfigTest" time="0.0"/>
  <testcase name="buildSessionConfig_readsVadEndAndSpeakerVad" classname="com.amphion.dingqiao.DingqiaoEngineConfigTest" time="0.0"/>
  <testcase name="vadEndMs_clampsToDocumentRange" classname="com.amphion.dingqiao.DingqiaoEngineConfigTest" time="0.0"/>
  <testcase name="buildAsrConfig_readsVadEndFromStartParams" classname="com.amphion.dingqiao.DingqiaoEngineConfigTest" time="0.001"/>
  <testcase name="audioFrameBytes_acceptsDocumentedFrameSizeOnly" classname="com.amphion.dingqiao.DingqiaoEngineConfigTest" time="0.0"/>
  <testcase name="nonFiniteSessionNumbersFallBackToDocumentedDefaults" classname="com.amphion.dingqiao.DingqiaoEngineConfigTest" time="0.0"/>
  <testcase name="buildSessionConfig_plainAsrKeepsRequestedVadBegin" classname="com.amphion.dingqiao.DingqiaoEngineConfigTest" time="0.0"/>
  <testcase name="mapLanguage_zhCn" classname="com.amphion.dingqiao.DingqiaoEngineConfigTest" time="0.0"/>
  <testcase name="voiceprintIds_fromStartParams" classname="com.amphion.dingqiao.DingqiaoEngineConfigTest" time="0.0"/>
  <testcase name="buildAsrConfig_disablesPrepackByDefaultAndAllowsExplicitFallback" classname="com.amphion.dingqiao.DingqiaoEngineConfigTest" time="0.001"/>
  <testcase name="continuousRecognition_disablesOnlyTheSessionDurationCap" classname="com.amphion.dingqiao.DingqiaoEngineConfigTest" time="0.0"/>
  <testcase name="vadBeginMs_isOptInAndClampsToDocumentRange" classname="com.amphion.dingqiao.DingqiaoEngineConfigTest" time="0.0"/>
  <testcase name="buildAsrConfig_invalidDisablePrepackValuesKeepDefault" classname="com.amphion.dingqiao.DingqiaoEngineConfigTest" time="0.003"/>
  <testcase name="endpointMaxUtteranceUsesHarmonyCompatibleDefaults" classname="com.amphion.dingqiao.DingqiaoEngineConfigTest" time="0.0"/>
  <testcase name="buildAsrConfig_readsEndpointMaxUtteranceFromStartParams" classname="com.amphion.dingqiao.DingqiaoEngineConfigTest" time="0.0"/>
  <testcase name="buildAsrConfig_acceptsDocumentedRecognizerModes" classname="com.amphion.dingqiao.DingqiaoEngineConfigTest" time="0.0"/>
  <testcase name="buildSessionConfig_voiceprintIdsKeepZeroConfirmationGraceForOnStartEnablement" classname="com.amphion.dingqiao.DingqiaoEngineConfigTest" time="0.0"/>
  <testcase name="buildSessionConfig_noSpeakerModelDropsSpeakerVad" classname="com.amphion.dingqiao.DingqiaoEngineConfigTest" time="0.0"/>
  <testcase name="recognitionMode_acceptsExternalStreamOnly" classname="com.amphion.dingqiao.DingqiaoEngineConfigTest" time="0.0"/>
  <testcase name="buildSessionConfig_withoutSpeakerCapabilityDropsConfirmationGrace" classname="com.amphion.dingqiao.DingqiaoEngineConfigTest" time="0.0"/>
  <testcase name="buildAsrConfig_usesValueEqualityForReuse" classname="com.amphion.dingqiao.DingqiaoEngineConfigTest" time="0.0"/>
  <testcase name="policeEnhancement_defaultsOnAndCanBeDisabledPerSession" classname="com.amphion.dingqiao.DingqiaoEngineConfigTest" time="0.0"/>
  <testcase name="buildSessionConfig_voiceprintKeepsVadBeginWithoutSdkDurationGrace" classname="com.amphion.dingqiao.DingqiaoEngineConfigTest" time="0.0"/>
  <testcase name="buildSessionConfig_carriesVadBeginWithoutRebuildingEngine" classname="com.amphion.dingqiao.DingqiaoEngineConfigTest" time="0.0"/>
  <testcase name="buildSessionConfig_unvalidatedVoiceprintIdsDoNotReserveConfirmationGrace" classname="com.amphion.dingqiao.DingqiaoEngineConfigTest" time="0.0"/>
  <system-out><![CDATA[]]></system-out>
  <system-err><![CDATA[]]></system-err>
</testsuite>
