<?xml version="1.0" encoding="UTF-8"?>
<testsuite name="com.amphion.dingqiao.diarization.DiarizationForegroundLevelTest" tests="2" skipped="0" failures="0" errors="0" timestamp="2026-09-17T11:03:34" hostname="redacted" time="0.005">
  <properties/>
  <testcase name="laterLouderSpeechRevisesOnlyUncommittedQuietEvidence" classname="com.amphion.dingqiao.diarization.DiarizationForegroundLevelTest" time="0.002"/>
  <testcase name="quieterBackgroundCannotDisplaceFourPrincipalVoices" classname="com.amphion.dingqiao.diarization.DiarizationForegroundLevelTest" time="0.003"/>
  <system-out><![CDATA[]]></system-out>
  <system-err><![CDATA[]]></system-err>
</testsuite>
