<?xml version="1.0" encoding="UTF-8"?>
<testsuite name="com.amphion.asr.internal.StreamingAgcProcessorTest" tests="4" skipped="0" failures="0" errors="0" timestamp="2026-09-17T11:03:16" hostname="redacted" time="0.115">
  <properties/>
  <testcase name="automaticAgcIsChunkInvariantAndFlushPreservesRemainder" classname="com.amphion.asr.internal.StreamingAgcProcessorTest" time="0.005"/>
  <testcase name="backendFailureIsMappedToNativeCrashInsteadOfEscapingDecoderTask" classname="com.amphion.asr.internal.StreamingAgcProcessorTest" time="0.051"/>
  <testcase name="internalTenMillisecondFramesKeepOneDecoderSubmissionPerCallerChunk" classname="com.amphion.asr.internal.StreamingAgcProcessorTest" time="0.001"/>
  <testcase name="largeCallerChunkIsAggregatedWithoutChangingSamples" classname="com.amphion.asr.internal.StreamingAgcProcessorTest" time="0.058"/>
  <system-out><![CDATA[]]></system-out>
  <system-err><![CDATA[]]></system-err>
</testsuite>
