<?xml version="1.0" encoding="UTF-8"?>
<testsuite name="com.amphion.dingqiao.PoliceEnhancementPolicyTest" tests="2" skipped="0" failures="0" errors="0" timestamp="2026-08-19T22:04:17" hostname="redacted" time="0.0">
  <properties/>
  <testcase name="enabledFinalUsesEnhancerAndDisabledFinalReturnsRawText" classname="com.amphion.dingqiao.PoliceEnhancementPolicyTest" time="0.0"/>
  <testcase name="consecutiveSessionsWithOppositeSettingsDoNotSharePolicyState" classname="com.amphion.dingqiao.PoliceEnhancementPolicyTest" time="0.0"/>
  <system-out><![CDATA[]]></system-out>
  <system-err><![CDATA[]]></system-err>
</testsuite>
