<?xml version="1.0" encoding="UTF-8"?>
<testsuite name="com.amphion.dingqiao.diarization.DiarizationForegroundLevelTest" tests="2" skipped="0" failures="0" errors="0" timestamp="2026-09-17T10:05:04" hostname="redacted" time="0.012">
  <properties/>
  <testcase name="laterLouderSpeechRevisesOnlyUncommittedQuietEvidence" classname="com.amphion.dingqiao.diarization.DiarizationForegroundLevelTest" time="0.006"/>
  <testcase name="quieterBackgroundCannotDisplaceFourPrincipalVoices" classname="com.amphion.dingqiao.diarization.DiarizationForegroundLevelTest" time="0.006"/>
  <system-out><![CDATA[]]></system-out>
  <system-err><![CDATA[]]></system-err>
</testsuite>
