<?xml version="1.0" encoding="UTF-8"?>
<testsuite name="com.lits.tts.sdk.internal.EnglishProperNounCoverageReportTest" tests="1" skipped="0" failures="1" errors="0" timestamp="2026-09-03T04:14:30" hostname="redacted" time="1.01">
  <properties/>
  <testcase name="generatedProperNounsReportLexiconCoverage" classname="com.lits.tts.sdk.internal.EnglishProperNounCoverageReportTest" time="1.01">
    <failure message="java.lang.OutOfMemoryError: Java heap space" type="java.lang.OutOfMemoryError">java.lang.OutOfMemoryError: Java heap space
	at java.base/java.util.LinkedHashMap.newNode(Unknown Source)
	at java.base/java.util.HashMap.putVal(Unknown Source)
	at java.base/java.util.HashMap.put(Unknown Source)
	at java.base/java.util.HashSet.add(Unknown Source)
	at java.base/java.util.AbstractCollection.addAll(Unknown Source)
	at kotlin.collections.SetsKt___SetsKt.plus(_Sets.kt:111)
	at com.lits.tts.sdk.internal.LitsTtsFrontend.resources(LitsTtsFrontend.kt:1916)
	at com.lits.tts.sdk.internal.LitsTtsFrontend.debugTokensForTest$sdk_debug(LitsTtsFrontend.kt:420)
	at com.lits.tts.sdk.internal.EnglishProperNounCoverageReportTest.generatedProperNounsReportLexiconCoverage(EnglishProperNounCoverageReportTest.kt:28)
	at java.base/java.lang.invoke.DirectMethodHandle$Holder.invokeSpecial(Unknown Source)
	at java.base/java.lang.invoke.LambdaForm$MH/0x0000000800180800.invoke(LambdaForm$MH)
	at java.base/java.lang.invoke.Invokers$Holder.invokeExact_MT(Unknown Source)
	at java.base/jdk.internal.reflect.DirectMethodHandleAccessor.invokeImpl(Unknown Source)
	at java.base/jdk.internal.reflect.DirectMethodHandleAccessor.invoke(Unknown Source)
	at java.base/java.lang.reflect.Method.invoke(Unknown Source)
	at org.junit.runners.model.FrameworkMethod$1.runReflectiveCall(FrameworkMethod.java:59)
	at org.junit.internal.runners.model.ReflectiveCallable.run(ReflectiveCallable.java:12)
	at org.junit.runners.model.FrameworkMethod.invokeExplosively(FrameworkMethod.java:56)
	at org.junit.internal.runners.statements.InvokeMethod.evaluate(InvokeMethod.java:17)
	at org.junit.runners.ParentRunner$3.evaluate(ParentRunner.java:306)
	at org.junit.runners.BlockJUnit4ClassRunner$1.evaluate(BlockJUnit4ClassRunner.java:100)
	at org.junit.runners.ParentRunner.runLeaf(ParentRunner.java:366)
	at org.junit.runners.BlockJUnit4ClassRunner.runChild(BlockJUnit4ClassRunner.java:103)
	at org.junit.runners.BlockJUnit4ClassRunner.runChild(BlockJUnit4ClassRunner.java:63)
	at org.junit.runners.ParentRunner$4.run(ParentRunner.java:331)
	at org.junit.runners.ParentRunner$1.schedule(ParentRunner.java:79)
	at org.junit.runners.ParentRunner.runChildren(ParentRunner.java:329)
	at org.junit.runners.ParentRunner.access$100(ParentRunner.java:66)
	at org.junit.runners.ParentRunner$2.evaluate(ParentRunner.java:293)
	at org.junit.runners.ParentRunner$3.evaluate(ParentRunner.java:306)
	at org.junit.runners.ParentRunner.run(ParentRunner.java:413)
	at org.gradle.api.internal.tasks.testing.junit.JUnitTestClassExecutor.runTestClass(JUnitTestClassExecutor.java:112)
</failure>
  </testcase>
  <system-out><![CDATA[]]></system-out>
  <system-err><![CDATA[]]></system-err>
</testsuite>
