<?xml version="1.0" encoding="UTF-8"?>
<testsuite name="com.amphion.dingqiao.diarization.SpeakerDiarizationInferenceTest" tests="2" skipped="0" failures="0" errors="0" timestamp="2026-09-17T10:05:05" hostname="redacted" time="0.018">
  <properties/>
  <testcase name="queryRetainsUnclassifiedRealPcmButRequiresOneSecondOfConfirmedSpeech" classname="com.amphion.dingqiao.diarization.SpeakerDiarizationInferenceTest" time="0.016"/>
  <testcase name="retainsLaterSpeechAndExcludesOverlapAndOtherSpeakers" classname="com.amphion.dingqiao.diarization.SpeakerDiarizationInferenceTest" time="0.002"/>
  <system-out><![CDATA[]]></system-out>
  <system-err><![CDATA[]]></system-err>
</testsuite>
