<?xml version="1.0" encoding="UTF-8"?>
<testsuite name="com.amphion.asr.internal.DecoderSubmissionFenceTest" tests="2" skipped="0" failures="0" errors="0" timestamp="2026-09-24T12:24:39" hostname="redacted" time="0.004">
  <properties/>
  <testcase name="closeIsAllowedAfterStopButRejectsEveryLaterSubmission" classname="com.amphion.asr.internal.DecoderSubmissionFenceTest" time="0.002"/>
  <testcase name="acceptedAudioIsEnqueuedBeforeConcurrentStopAndLateAudioIsRejected" classname="com.amphion.asr.internal.DecoderSubmissionFenceTest" time="0.002"/>
  <system-out><![CDATA[]]></system-out>
  <system-err><![CDATA[]]></system-err>
</testsuite>
