<?xml version="1.0" encoding="UTF-8"?>
<testsuite name="com.amphion.dingqiao.diarization.DiarizationSentenceOutputTest" tests="2" skipped="0" failures="0" errors="0" timestamp="2026-09-24T12:24:58" hostname="redacted" time="0.001">
  <properties/>
  <testcase name="boundedBackfillCannotChainUnknownCellsOrPropagateAcrossSentences" classname="com.amphion.dingqiao.diarization.DiarizationSentenceOutputTest" time="0.001"/>
  <testcase name="mixedAndOverlappingSentenceHasNoSingleOwner" classname="com.amphion.dingqiao.diarization.DiarizationSentenceOutputTest" time="0.0"/>
  <system-out><![CDATA[]]></system-out>
  <system-err><![CDATA[]]></system-err>
</testsuite>
