<?xml version="1.0" encoding="UTF-8"?>
<testsuite name="com.amphion.dingqiao.DiarizationStoppedFallbackTest" tests="2" skipped="0" failures="0" errors="0" timestamp="2026-09-22T11:53:39" hostname="redacted" time="3.652">
  <properties/>
  <testcase name="stoppedFallbackStillCompletesWhenNoAsrTailWasProduced" classname="com.amphion.dingqiao.DiarizationStoppedFallbackTest" time="2.033"/>
  <testcase name="stoppedFallbackCannotReplaceRealTailWhileSpeakerWorkIsPending" classname="com.amphion.dingqiao.DiarizationStoppedFallbackTest" time="1.618"/>
  <system-out><![CDATA[]]></system-out>
  <system-err><![CDATA[]]></system-err>
</testsuite>
