<?xml version="1.0" encoding="UTF-8"?>
<testsuite name="com.amphion.asr.internal.SessionTimestampTest" tests="1" skipped="0" failures="0" errors="0" timestamp="2026-09-24T12:24:37" hostname="redacted" time="0.763">
  <properties/>
  <testcase name="resultKeepsItsOwnStreamOriginAcrossLaterResets" classname="com.amphion.asr.internal.SessionTimestampTest" time="0.763"/>
  <system-out><![CDATA[]]></system-out>
  <system-err><![CDATA[WARNING: A Java agent has been loaded dynamically (<LOCAL_PATH>
WARNING: If a serviceability tool is in use, please run with -XX:+EnableDynamicAgentLoading to hide this warning
WARNING: If a serviceability tool is not in use, please run with -Djdk.instrument.traceUsage for more information
WARNING: Dynamic loading of agents will be disallowed by default in a future release
]]></system-err>
</testsuite>
