<?xml version="1.0" encoding="UTF-8"?>
<testsuite name="com.amphion.dingqiao.VoiceprintRegistrationContractTest" tests="3" skipped="0" failures="0" errors="0" timestamp="2026-09-08T04:08:31" hostname="redacted" time="0.001">
  <properties/>
  <testcase name="licenseFailuresUseHarmonyCompatiblePublicErrors" classname="com.amphion.dingqiao.VoiceprintRegistrationContractTest" time="0.0"/>
  <testcase name="invalidAudioInfoReturnsResultInsteadOfThrowing" classname="com.amphion.dingqiao.VoiceprintRegistrationContractTest" time="0.001"/>
  <testcase name="invalidSampleCountReturnsHarmonyCompatibleResult" classname="com.amphion.dingqiao.VoiceprintRegistrationContractTest" time="0.0"/>
  <system-out><![CDATA[]]></system-out>
  <system-err><![CDATA[]]></system-err>
</testsuite>
