<?xml version="1.0" encoding="UTF-8"?>
<testsuite name="com.amphion.dingqiao.diarization.SpeakerDiarizationAlgorithmsTest" tests="8" skipped="0" failures="0" errors="0" timestamp="2026-09-08T04:08:31" hostname="redacted" time="0.161">
  <properties/>
  <testcase name="transcriptPublishesRevisionAndPreservesOverlap" classname="com.amphion.dingqiao.diarization.SpeakerDiarizationAlgorithmsTest" time="0.001"/>
  <testcase name="finishBarrierTimeoutUsesOneDegradedFallback" classname="com.amphion.dingqiao.diarization.SpeakerDiarizationAlgorithmsTest" time="0.029"/>
  <testcase name="globalSpeakerRemapPublishesRevisionAndStableFinalAssignment" classname="com.amphion.dingqiao.diarization.SpeakerDiarizationAlgorithmsTest" time="0.001"/>
  <testcase name="cancelledFinishBarrierNeverPublishesTerminalOutput" classname="com.amphion.dingqiao.diarization.SpeakerDiarizationAlgorithmsTest" time="0.105"/>
  <testcase name="schedulerMatchesHarmonyWindowHopAndFinalFlush" classname="com.amphion.dingqiao.diarization.SpeakerDiarizationAlgorithmsTest" time="0.0"/>
  <testcase name="globalClusterKeepsDistinctSpeakersAndStableDisplayIds" classname="com.amphion.dingqiao.diarization.SpeakerDiarizationAlgorithmsTest" time="0.0"/>
  <testcase name="finishBarrierWaitsForBothAndCompletesOnce" classname="com.amphion.dingqiao.diarization.SpeakerDiarizationAlgorithmsTest" time="0.025"/>
  <testcase name="initializationStorageFailureKeepsAsrTailAndPublishesExplicitDegradation" classname="com.amphion.dingqiao.diarization.SpeakerDiarizationAlgorithmsTest" time="0.0"/>
  <system-out><![CDATA[]]></system-out>
  <system-err><![CDATA[]]></system-err>
</testsuite>
