<?xml version="1.0" encoding="UTF-8"?>
<testsuite name="com.amphion.dingqiao.CallbackEpochTest" tests="3" skipped="0" failures="0" errors="0" timestamp="2026-09-08T04:08:29" hostname="redacted" time="0.004">
  <properties/>
  <testcase name="replacementInvalidatesEveryQueuedCallbackFromTheOldSession" classname="com.amphion.dingqiao.CallbackEpochTest" time="0.003"/>
  <testcase name="staleTerminalClaimCannotBlockReplacementSession" classname="com.amphion.dingqiao.CallbackEpochTest" time="0.0"/>
  <testcase name="shutdownInvalidatesQueuedEngineErrors" classname="com.amphion.dingqiao.CallbackEpochTest" time="0.0"/>
  <system-out><![CDATA[]]></system-out>
  <system-err><![CDATA[]]></system-err>
</testsuite>
