<?xml version="1.0" encoding="UTF-8"?>
<testsuite name="com.amphion.dingqiao.SpeechRecognizeSdkRuntimeApiTest" tests="13" skipped="0" failures="0" errors="0" timestamp="2026-08-19T23:06:17" hostname="redacted" time="0.251">
  <properties/>
  <testcase name="setLicenseDoesNotPrepareRuntime" classname="com.amphion.dingqiao.SpeechRecognizeSdkRuntimeApiTest" time="0.011"/>
  <testcase name="reentrantUnloadModelInvalidatesRemainingPrepareWaiters" classname="com.amphion.dingqiao.SpeechRecognizeSdkRuntimeApiTest" time="0.002"/>
  <testcase name="concurrentPrepareRuntimeIsSingleFlightAndUnloadPreservesLicense" classname="com.amphion.dingqiao.SpeechRecognizeSdkRuntimeApiTest" time="0.002"/>
  <testcase name="concurrentFailedPrepareSharesOneFailureAndCanRetryLater" classname="com.amphion.dingqiao.SpeechRecognizeSdkRuntimeApiTest" time="0.002"/>
  <testcase name="unloadModelInvalidatesQueuedFlightWithoutLateStateRollback" classname="com.amphion.dingqiao.SpeechRecognizeSdkRuntimeApiTest" time="0.002"/>
  <testcase name="newSuccessCallbackBridgesToLegacyOnResultImplementation" classname="com.amphion.dingqiao.SpeechRecognizeSdkRuntimeApiTest" time="0.011"/>
  <testcase name="failedPrepareRollsBackRuntimeAndCanRetry" classname="com.amphion.dingqiao.SpeechRecognizeSdkRuntimeApiTest" time="0.003"/>
  <testcase name="reentrantUnloadInvalidatesRemainingPrepareWaiters" classname="com.amphion.dingqiao.SpeechRecognizeSdkRuntimeApiTest" time="0.002"/>
  <testcase name="successfulSetLicenseShutsDownPublishedEngineBeforeRuntimeReset" classname="com.amphion.dingqiao.SpeechRecognizeSdkRuntimeApiTest" time="0.004"/>
  <testcase name="createEngineAsyncBeforePrepareReportsEngineNotInitialized" classname="com.amphion.dingqiao.SpeechRecognizeSdkRuntimeApiTest" time="0.001"/>
  <testcase name="prepareRuntimeBeforeInitReportsEngineNotInitialized" classname="com.amphion.dingqiao.SpeechRecognizeSdkRuntimeApiTest" time="0.0"/>
  <testcase name="unloadRuntimeSerializesWithBlockedPrepareAndLeavesRuntimeUnloaded" classname="com.amphion.dingqiao.SpeechRecognizeSdkRuntimeApiTest" time="0.207"/>
  <testcase name="latestSetLicenseWinsWhenOlderValidationFinishesLast" classname="com.amphion.dingqiao.SpeechRecognizeSdkRuntimeApiTest" time="0.003"/>
  <system-out><![CDATA[]]></system-out>
  <system-err><![CDATA[]]></system-err>
</testsuite>
