<?xml version="1.0" encoding="UTF-8"?>
<testsuite name="com.amphion.dingqiao.CallbackInvocationContextTest" tests="2" skipped="0" failures="0" errors="0" timestamp="2026-08-19T23:06:16" hostname="redacted" time="0.005">
  <properties/>
  <testcase name="longLivedAudioThreadDoesNotInheritOneSessionsCallbackEpoch" classname="com.amphion.dingqiao.CallbackInvocationContextTest" time="0.005"/>
  <testcase name="replacementCanBeAdoptedWithinResultButOldCompletionIsRestored" classname="com.amphion.dingqiao.CallbackInvocationContextTest" time="0.0"/>
  <system-out><![CDATA[]]></system-out>
  <system-err><![CDATA[]]></system-err>
</testsuite>
