<?xml version="1.0" encoding="UTF-8"?>
<testsuite name="com.amphion.dingqiao.PoliceEnhancementEngineCallbackTest" tests="4" skipped="0" failures="0" errors="0" timestamp="2026-08-19T23:06:16" hostname="redacted" time="0.676">
  <properties/>
  <testcase name="queuedPartialStaysSuppressedWhenCallerDisabledPartials" classname="com.amphion.dingqiao.PoliceEnhancementEngineCallbackTest" time="0.658"/>
  <testcase name="queuedPartialIsDeliveredWhenRuntimeSpeakerVadEnableReturns" classname="com.amphion.dingqiao.PoliceEnhancementEngineCallbackTest" time="0.005"/>
  <testcase name="publicEngineSnapshotsTogglePerSessionAndPreservesTerminalCallbackContract" classname="com.amphion.dingqiao.PoliceEnhancementEngineCallbackTest" time="0.008"/>
  <testcase name="rejectedPartialPublishesEmptyNonLastFinalAndKeepsSessionActive" classname="com.amphion.dingqiao.PoliceEnhancementEngineCallbackTest" time="0.005"/>
  <system-out><![CDATA[]]></system-out>
  <system-err><![CDATA[WARNING: A Java agent has been loaded dynamically (<LOCAL_PATH>
WARNING: If a serviceability tool is in use, please run with -XX:+EnableDynamicAgentLoading to hide this warning
WARNING: If a serviceability tool is not in use, please run with -Djdk.instrument.traceUsage for more information
WARNING: Dynamic loading of agents will be disallowed by default in a future release
]]></system-err>
</testsuite>
