<?xml version="1.0" encoding="UTF-8"?>
<testsuite name="com.amphion.asr.internal.EffectiveSpeechBufferTest" tests="6" skipped="0" failures="0" errors="0" timestamp="2026-08-13T10:24:04" hostname="redacted" time="0.016">
  <properties/>
  <testcase name="steadyHighEnergyToneIsRejectedWithoutVadOrAsrEvidence" classname="com.amphion.asr.internal.EffectiveSpeechBufferTest" time="0.003"/>
  <testcase name="scoreSelectionDiagnosticExplainsMissingScoreWithoutTextOrIdentity" classname="com.amphion.asr.internal.EffectiveSpeechBufferTest" time="0.009"/>
  <testcase name="shortStrictSpeechFallsBackOnlyToRealUtterancePcmWithAsrEvidence" classname="com.amphion.asr.internal.EffectiveSpeechBufferTest" time="0.0"/>
  <testcase name="vadEvidenceRetainsLowVolumeSpeechWithoutLeadingContext" classname="com.amphion.asr.internal.EffectiveSpeechBufferTest" time="0.002"/>
  <testcase name="acousticSpeechDecisionDoesNotDependOnCallerChunking" classname="com.amphion.asr.internal.EffectiveSpeechBufferTest" time="0.001"/>
  <testcase name="tokenOnlyEndpointKeepsAudioForTheNextPublicFinal" classname="com.amphion.asr.internal.EffectiveSpeechBufferTest" time="0.001"/>
  <system-out><![CDATA[]]></system-out>
  <system-err><![CDATA[]]></system-err>
</testsuite>
