<?xml version="1.0" encoding="UTF-8"?>
<testsuite name="com.amphion.asr.internal.SpeakerVadScoreSchedulerTest" tests="3" skipped="0" failures="0" errors="0" timestamp="2026-08-13T10:24:04" hostname="redacted" time="0.001">
  <properties/>
  <testcase name="windowShorterThanHopDoesNotScoreBeforeTheFirstHop" classname="com.amphion.asr.internal.SpeakerVadScoreSchedulerTest" time="0.001"/>
  <testcase name="resetReanchorsDeadlinesToTheNextNativeSegment" classname="com.amphion.asr.internal.SpeakerVadScoreSchedulerTest" time="0.0"/>
  <testcase name="scoreDeadlinesDoNotDependOnCallerPcmPartitioning" classname="com.amphion.asr.internal.SpeakerVadScoreSchedulerTest" time="0.0"/>
  <system-out><![CDATA[]]></system-out>
  <system-err><![CDATA[]]></system-err>
</testsuite>
