<?xml version="1.0" encoding="UTF-8"?>
<testsuite name="com.amphion.asr.internal.DecoderSubmissionFenceTest" tests="2" skipped="0" failures="0" errors="0" timestamp="2026-08-24T05:40:32" hostname="redacted" time="0.002">
  <properties/>
  <testcase name="closeIsAllowedAfterStopButRejectsEveryLaterSubmission" classname="com.amphion.asr.internal.DecoderSubmissionFenceTest" time="0.001"/>
  <testcase name="acceptedAudioIsEnqueuedBeforeConcurrentStopAndLateAudioIsRejected" classname="com.amphion.asr.internal.DecoderSubmissionFenceTest" time="0.001"/>
  <system-out><![CDATA[]]></system-out>
  <system-err><![CDATA[]]></system-err>
</testsuite>
