<?xml version="1.0" encoding="UTF-8"?>
<testsuite name="com.amphion.asr.internal.SpeakerVadFinalGateTest" tests="2" skipped="0" failures="0" errors="0" timestamp="2026-08-24T05:40:32" hostname="redacted" time="0.0">
  <properties/>
  <testcase name="speakerVadAloneStillScoresTheTerminalSpeech" classname="com.amphion.asr.internal.SpeakerVadFinalGateTest" time="0.0"/>
  <testcase name="shortTargetFinalUsesItsRealScoreWhenStreamingWindowDidNotConfirm" classname="com.amphion.asr.internal.SpeakerVadFinalGateTest" time="0.0"/>
  <system-out><![CDATA[]]></system-out>
  <system-err><![CDATA[]]></system-err>
</testsuite>
