<?xml version="1.0" encoding="UTF-8"?>
<testsuite name="com.amphion.dingqiao.diarization.DiarizationWindowFinalizationTest" tests="8" skipped="0" failures="0" errors="0" timestamp="2026-09-08T04:08:28" hostname="redacted" time="0.201">
  <properties/>
  <testcase name="fiveHoursOfAudioTimeDoesNotRetainPublishedTranscriptOrEmbeddings" classname="com.amphion.dingqiao.diarization.DiarizationWindowFinalizationTest" time="0.161"/>
  <testcase name="publicationEvictsTextWithoutReusingIdsAndFreezesUnknown" classname="com.amphion.dingqiao.diarization.DiarizationWindowFinalizationTest" time="0.0"/>
  <testcase name="degradedWindowsFreezeUnknownAndAlwaysPublishAnEmptyTerminalBatch" classname="com.amphion.dingqiao.diarization.DiarizationWindowFinalizationTest" time="0.001"/>
  <testcase name="pcmBlocksRetainQueuedAudioAndReleaseOnlyConsumedBlocks" classname="com.amphion.dingqiao.diarization.DiarizationWindowFinalizationTest" time="0.023"/>
  <testcase name="sessionResultsAreIdenticalWhenAsrOrDiarizationFinishesFirst" classname="com.amphion.dingqiao.diarization.DiarizationWindowFinalizationTest" time="0.006"/>
  <testcase name="committedIdentitiesCannotBeMergedBySimilarLaterEvidence" classname="com.amphion.dingqiao.diarization.DiarizationWindowFinalizationTest" time="0.0"/>
  <testcase name="windowPublicationCannotOvertakeAnEarlierUpdateDuringConcurrentDrain" classname="com.amphion.dingqiao.diarization.DiarizationWindowFinalizationTest" time="0.002"/>
  <testcase name="lateAsrCallbacksUseTheSameEvidenceAndKeepReturningSpeakerIdentity" classname="com.amphion.dingqiao.diarization.DiarizationWindowFinalizationTest" time="0.008"/>
  <system-out><![CDATA[]]></system-out>
  <system-err><![CDATA[]]></system-err>
</testsuite>
