<?xml version="1.0" encoding="UTF-8"?>
<testsuite name="com.amphion.asr.internal.SpeakerPcmBuffersTest" tests="3" skipped="0" failures="0" errors="0" timestamp="2026-08-19T23:06:10" hostname="redacted" time="0.001">
  <properties/>
  <testcase name="nativeSegmentResetDoesNotDiscardPublicUtteranceFallback" classname="com.amphion.asr.internal.SpeakerPcmBuffersTest" time="0.001"/>
  <testcase name="speakerVadTailCopiesOnlyTheRequestedSuffixAcrossParts" classname="com.amphion.asr.internal.SpeakerPcmBuffersTest" time="0.0"/>
  <testcase name="buffersEnforceIndependentCaps" classname="com.amphion.asr.internal.SpeakerPcmBuffersTest" time="0.0"/>
  <system-out><![CDATA[]]></system-out>
  <system-err><![CDATA[]]></system-err>
</testsuite>
