<?xml version="1.0" encoding="UTF-8"?>
<testsuite name="com.amphion.dingqiao.VoiceprintStoreTest" tests="2" skipped="0" failures="0" errors="0" timestamp="2026-08-09T10:27:25" hostname="redacted" time="0.005">
  <properties/>
  <testcase name="saveLoadDelete_roundTrip" classname="com.amphion.dingqiao.VoiceprintStoreTest" time="0.004"/>
  <testcase name="loadMergedEmbedding_averagesMultiple" classname="com.amphion.dingqiao.VoiceprintStoreTest" time="0.001"/>
  <system-out><![CDATA[]]></system-out>
  <system-err><![CDATA[]]></system-err>
</testsuite>
