<?xml version="1.0" encoding="UTF-8"?>
<testsuite name="com.amphion.dingqiao.diarization.SpeakerDiarizationAlgorithmsTest" tests="14" skipped="0" failures="0" errors="0" timestamp="2026-09-18T11:03:07" hostname="redacted" time="0.268">
  <properties/>
  <testcase name="transcriptPublishesRevisionAndPreservesOverlap" classname="com.amphion.dingqiao.diarization.SpeakerDiarizationAlgorithmsTest" time="0.0"/>
  <testcase name="secondaryChangesDoNotFragmentPrimarySpeechOrEraseOverlap" classname="com.amphion.dingqiao.diarization.SpeakerDiarizationAlgorithmsTest" time="0.0"/>
  <testcase name="globalSpeakerRemapPublishesRevisionAndStableFinalAssignment" classname="com.amphion.dingqiao.diarization.SpeakerDiarizationAlgorithmsTest" time="0.001"/>
  <testcase name="punctuationPreservesTimedSpeakersAndUnknownWithoutRewritingText" classname="com.amphion.dingqiao.diarization.SpeakerDiarizationAlgorithmsTest" time="0.0"/>
  <testcase name="cancelledFinishBarrierNeverPublishesTerminalOutput" classname="com.amphion.dingqiao.diarization.SpeakerDiarizationAlgorithmsTest" time="0.105"/>
  <testcase name="finishBarrierWaitsForRealAsrBeforeStartingDiarizationTimeout" classname="com.amphion.dingqiao.diarization.SpeakerDiarizationAlgorithmsTest" time="0.134"/>
  <testcase name="unknownBackgroundAndEndpointTokensDoNotSplitWords" classname="com.amphion.dingqiao.diarization.SpeakerDiarizationAlgorithmsTest" time="0.0"/>
  <testcase name="bbpeAlignmentKeepsTheFirstByteTimestampAndWholeCharacters" classname="com.amphion.dingqiao.diarization.SpeakerDiarizationAlgorithmsTest" time="0.001"/>
  <testcase name="unanimousSpeakerAndBoundedBackfillKeepConflictingOrOverlappingTurns" classname="com.amphion.dingqiao.diarization.SpeakerDiarizationAlgorithmsTest" time="0.0"/>
  <testcase name="schedulerMatchesHarmonyWindowHopAndFinalFlush" classname="com.amphion.dingqiao.diarization.SpeakerDiarizationAlgorithmsTest" time="0.0"/>
  <testcase name="globalClusterKeepsDistinctSpeakersAndStableDisplayIds" classname="com.amphion.dingqiao.diarization.SpeakerDiarizationAlgorithmsTest" time="0.0"/>
  <testcase name="finishBarrierWaitsForBothAndCompletesOnce" classname="com.amphion.dingqiao.diarization.SpeakerDiarizationAlgorithmsTest" time="0.026"/>
  <testcase name="boundedUnknownBackfillPreservesAcousticEvidenceAndRealTurns" classname="com.amphion.dingqiao.diarization.SpeakerDiarizationAlgorithmsTest" time="0.0"/>
  <testcase name="initializationStorageFailureKeepsAsrTailAndPublishesExplicitDegradation" classname="com.amphion.dingqiao.diarization.SpeakerDiarizationAlgorithmsTest" time="0.001"/>
  <system-out><![CDATA[]]></system-out>
  <system-err><![CDATA[]]></system-err>
</testsuite>
