<?xml version="1.0" encoding="UTF-8"?>
<testsuite name="com.amphion.asr.internal.InitialAcousticActivityTrackerTest" tests="7" skipped="0" failures="0" errors="0" timestamp="2026-08-13T10:24:08" hostname="redacted" time="0.007">
  <properties/>
  <testcase name="silenceBreaksConsecutiveActivityAndOldActivityExpires" classname="com.amphion.asr.internal.InitialAcousticActivityTrackerTest" time="0.002"/>
  <testcase name="resultDoesNotDependOnCallerChunking" classname="com.amphion.asr.internal.InitialAcousticActivityTrackerTest" time="0.002"/>
  <testcase name="oneNewPulseDoesNotRefreshOldSpeechLikeActivity" classname="com.amphion.asr.internal.InitialAcousticActivityTrackerTest" time="0.001"/>
  <testcase name="varyingSpeechLikeSignalIsDistinguishedFromSteadyTone" classname="com.amphion.asr.internal.InitialAcousticActivityTrackerTest" time="0.001"/>
  <testcase name="sustainedSignalBecomesRecentAfterSixtyMilliseconds" classname="com.amphion.asr.internal.InitialAcousticActivityTrackerTest" time="0.001"/>
  <testcase name="lowLevelNoiseDoesNotBecomeActivity" classname="com.amphion.asr.internal.InitialAcousticActivityTrackerTest" time="0.0"/>
  <testcase name="separatedVaryingPulsesDoNotBecomeSpeechLikeActivity" classname="com.amphion.asr.internal.InitialAcousticActivityTrackerTest" time="0.0"/>
  <system-out><![CDATA[]]></system-out>
  <system-err><![CDATA[]]></system-err>
</testsuite>
