<?xml version="1.0" encoding="UTF-8"?>
<testsuite name="com.amphion.asr.internal.RecognizerResetGenerationTest" tests="2" skipped="0" failures="0" errors="0" timestamp="2026-08-13T10:24:08" hostname="redacted" time="0.001">
  <properties/>
  <testcase name="endpointInsideChunkInvalidatesTheOldVadDecision" classname="com.amphion.asr.internal.RecognizerResetGenerationTest" time="0.0"/>
  <testcase name="ordinaryPartialKeepsTheCurrentVadDecision" classname="com.amphion.asr.internal.RecognizerResetGenerationTest" time="0.001"/>
  <system-out><![CDATA[]]></system-out>
  <system-err><![CDATA[]]></system-err>
</testsuite>
