<?xml version="1.0" encoding="UTF-8"?>
<testsuite name="com.amphion.dingqiao.PoliceEnhancementEngineCallbackTest" tests="6" skipped="0" failures="0" errors="0" timestamp="2026-09-22T11:53:38" hostname="redacted" time="0.133">
  <properties/>
  <testcase name="finishThenShutdownWaitsForUniqueLastAndComplete" classname="com.amphion.dingqiao.PoliceEnhancementEngineCallbackTest" time="0.114"/>
  <testcase name="queuedPartialStaysSuppressedWhenCallerDisabledPartials" classname="com.amphion.dingqiao.PoliceEnhancementEngineCallbackTest" time="0.006"/>
  <testcase name="queuedPartialIsDeliveredWhenRuntimeSpeakerVadEnableReturns" classname="com.amphion.dingqiao.PoliceEnhancementEngineCallbackTest" time="0.003"/>
  <testcase name="publicEngineSnapshotsTogglePerSessionAndPreservesTerminalCallbackContract" classname="com.amphion.dingqiao.PoliceEnhancementEngineCallbackTest" time="0.004"/>
  <testcase name="rejectedPartialPublishesEmptyNonLastFinalAndKeepsSessionActive" classname="com.amphion.dingqiao.PoliceEnhancementEngineCallbackTest" time="0.004"/>
  <testcase name="shutdownFromCompleteCallbackReturnsAndReleasesAfterTerminalCallback" classname="com.amphion.dingqiao.PoliceEnhancementEngineCallbackTest" time="0.001"/>
  <system-out><![CDATA[]]></system-out>
  <system-err><![CDATA[]]></system-err>
</testsuite>
