<?xml version="1.0" encoding="UTF-8"?>
<testsuite name="com.amphion.asr.internal.PcmSubmissionLimiterTest" tests="2" skipped="0" failures="0" errors="0" timestamp="2026-09-22T11:53:25" hostname="redacted" time="0.213">
  <properties/>
  <testcase name="fullBudgetBlocksUntilSamplesAreReleased" classname="com.amphion.asr.internal.PcmSubmissionLimiterTest" time="0.11"/>
  <testcase name="stopAcceptingWakesBlockedProducerWithoutReservation" classname="com.amphion.asr.internal.PcmSubmissionLimiterTest" time="0.103"/>
  <system-out><![CDATA[]]></system-out>
  <system-err><![CDATA[]]></system-err>
</testsuite>
