<?xml version="1.0" encoding="UTF-8"?>
<testsuite name="com.amphion.asr.internal.StreamingAgcProcessorTest" tests="4" skipped="0" failures="0" errors="0" timestamp="2026-09-08T04:08:22" hostname="redacted" time="0.022">
  <properties/>
  <testcase name="automaticAgcIsChunkInvariantAndFlushPreservesRemainder" classname="com.amphion.asr.internal.StreamingAgcProcessorTest" time="0.003"/>
  <testcase name="backendFailureIsMappedToNativeCrashInsteadOfEscapingDecoderTask" classname="com.amphion.asr.internal.StreamingAgcProcessorTest" time="0.004"/>
  <testcase name="internalTenMillisecondFramesKeepOneDecoderSubmissionPerCallerChunk" classname="com.amphion.asr.internal.StreamingAgcProcessorTest" time="0.0"/>
  <testcase name="largeCallerChunkIsAggregatedWithoutChangingSamples" classname="com.amphion.asr.internal.StreamingAgcProcessorTest" time="0.015"/>
  <system-out><![CDATA[]]></system-out>
  <system-err><![CDATA[]]></system-err>
</testsuite>
