<?xml version="1.0" encoding="UTF-8"?>
<testsuite name="com.amphion.dingqiao.DiarizationStoppedFallbackTest" tests="2" skipped="0" failures="0" errors="0" timestamp="2026-09-24T12:24:48" hostname="redacted" time="3.801">
  <properties/>
  <testcase name="stoppedFallbackStillCompletesWhenNoAsrTailWasProduced" classname="com.amphion.dingqiao.DiarizationStoppedFallbackTest" time="2.181"/>
  <testcase name="stoppedFallbackCannotReplaceRealTailWhileSpeakerWorkIsPending" classname="com.amphion.dingqiao.DiarizationStoppedFallbackTest" time="1.62"/>
  <system-out><![CDATA[]]></system-out>
  <system-err><![CDATA[WARNING: A Java agent has been loaded dynamically (<LOCAL_PATH>
WARNING: If a serviceability tool is in use, please run with -XX:+EnableDynamicAgentLoading to hide this warning
WARNING: If a serviceability tool is not in use, please run with -Djdk.instrument.traceUsage for more information
WARNING: Dynamic loading of agents will be disallowed by default in a future release
]]></system-err>
</testsuite>
