<?xml version="1.0" encoding="UTF-8"?>
<testsuite name="com.amphion.dingqiao.PoliceEnhancementEngineCallbackTest" tests="6" skipped="0" failures="0" errors="0" timestamp="2026-09-24T12:24:52" hostname="redacted" time="0.128">
  <properties/>
  <testcase name="finishThenShutdownWaitsForUniqueLastAndComplete" classname="com.amphion.dingqiao.PoliceEnhancementEngineCallbackTest" time="0.107"/>
  <testcase name="queuedPartialStaysSuppressedWhenCallerDisabledPartials" classname="com.amphion.dingqiao.PoliceEnhancementEngineCallbackTest" time="0.008"/>
  <testcase name="queuedPartialIsDeliveredWhenRuntimeSpeakerVadEnableReturns" classname="com.amphion.dingqiao.PoliceEnhancementEngineCallbackTest" time="0.004"/>
  <testcase name="publicEngineSnapshotsTogglePerSessionAndPreservesTerminalCallbackContract" classname="com.amphion.dingqiao.PoliceEnhancementEngineCallbackTest" time="0.005"/>
  <testcase name="rejectedPartialPublishesEmptyNonLastFinalAndKeepsSessionActive" classname="com.amphion.dingqiao.PoliceEnhancementEngineCallbackTest" time="0.002"/>
  <testcase name="shutdownFromCompleteCallbackReturnsAndReleasesAfterTerminalCallback" classname="com.amphion.dingqiao.PoliceEnhancementEngineCallbackTest" time="0.002"/>
  <system-out><![CDATA[]]></system-out>
  <system-err><![CDATA[]]></system-err>
</testsuite>
