<?xml version="1.0" encoding="UTF-8"?>
<testsuite name="com.amphion.dingqiao.diarization.SpeakerDiarizationInferenceTest" tests="2" skipped="0" failures="0" errors="0" timestamp="2026-09-18T11:03:13" hostname="redacted" time="0.031">
  <properties/>
  <testcase name="queryRetainsUnclassifiedRealPcmButRequiresOneSecondOfConfirmedSpeech" classname="com.amphion.dingqiao.diarization.SpeakerDiarizationInferenceTest" time="0.028"/>
  <testcase name="retainsLaterSpeechAndExcludesOverlapAndOtherSpeakers" classname="com.amphion.dingqiao.diarization.SpeakerDiarizationInferenceTest" time="0.003"/>
  <system-out><![CDATA[]]></system-out>
  <system-err><![CDATA[]]></system-err>
</testsuite>
