<?xml version="1.0" encoding="UTF-8"?>
<testsuite name="com.amphion.dingqiao.diarization.DiarizationForegroundLevelTest" tests="3" skipped="0" failures="0" errors="0" timestamp="2026-09-18T11:03:12" hostname="redacted" time="0.019">
  <properties/>
  <testcase name="laterLoudVoicePreservesAnIndependentlyAdmittedNewPerson" classname="com.amphion.dingqiao.diarization.DiarizationForegroundLevelTest" time="0.008"/>
  <testcase name="laterLouderSpeechRevisesOnlyUncommittedQuietEvidence" classname="com.amphion.dingqiao.diarization.DiarizationForegroundLevelTest" time="0.002"/>
  <testcase name="quieterBackgroundCannotDisplaceFourPrincipalVoices" classname="com.amphion.dingqiao.diarization.DiarizationForegroundLevelTest" time="0.009"/>
  <system-out><![CDATA[]]></system-out>
  <system-err><![CDATA[]]></system-err>
</testsuite>
