<?xml version="1.0" encoding="UTF-8"?>
<testsuite name="com.amphion.asr.internal.StreamingAgcIngressTest" tests="2" skipped="0" failures="0" errors="0" timestamp="2026-09-08T04:08:20" hostname="redacted" time="0.003">
  <properties/>
  <testcase name="closeOwnsProcessorLifecycleAndIsIdempotent" classname="com.amphion.asr.internal.StreamingAgcIngressTest" time="0.001"/>
  <testcase name="acceptAndFlushDeliverEveryFrameOnceAndInOrder" classname="com.amphion.asr.internal.StreamingAgcIngressTest" time="0.002"/>
  <system-out><![CDATA[]]></system-out>
  <system-err><![CDATA[]]></system-err>
</testsuite>
