<?xml version="1.0" encoding="UTF-8"?>
<testsuite name="com.amphion.asr.internal.EffectiveSpeechBufferTest" tests="8" skipped="0" failures="0" errors="0" timestamp="2026-08-19T22:04:10" hostname="redacted" time="0.02">
  <properties/>
  <testcase name="zeroMinimumScoresTheWholeRealUtteranceInsteadOfAShortStrictFragment" classname="com.amphion.asr.internal.EffectiveSpeechBufferTest" time="0.004"/>
  <testcase name="steadyHighEnergyToneIsRejectedWithoutVadOrAsrEvidence" classname="com.amphion.asr.internal.EffectiveSpeechBufferTest" time="0.004"/>
  <testcase name="scoreSelectionDiagnosticExplainsMissingScoreWithoutTextOrIdentity" classname="com.amphion.asr.internal.EffectiveSpeechBufferTest" time="0.007"/>
  <testcase name="sessionMinimumConversionPreservesZeroDuration" classname="com.amphion.asr.internal.EffectiveSpeechBufferTest" time="0.0"/>
  <testcase name="shortStrictSpeechFallsBackOnlyToRealUtterancePcmWithAsrEvidence" classname="com.amphion.asr.internal.EffectiveSpeechBufferTest" time="0.0"/>
  <testcase name="vadEvidenceRetainsLowVolumeSpeechWithoutLeadingContext" classname="com.amphion.asr.internal.EffectiveSpeechBufferTest" time="0.001"/>
  <testcase name="acousticSpeechDecisionDoesNotDependOnCallerChunking" classname="com.amphion.asr.internal.EffectiveSpeechBufferTest" time="0.002"/>
  <testcase name="tokenOnlyEndpointKeepsAudioForTheNextPublicFinal" classname="com.amphion.asr.internal.EffectiveSpeechBufferTest" time="0.001"/>
  <system-out><![CDATA[]]></system-out>
  <system-err><![CDATA[]]></system-err>
</testsuite>
