<?xml version="1.0" encoding="UTF-8"?>
<testsuite name="com.amphion.asr.internal.FinalCallbackOrderGateTest" tests="3" skipped="0" failures="0" errors="0" timestamp="2026-08-19T22:04:10" hostname="redacted" time="0.0">
  <properties/>
  <testcase name="stoppedWaitsUntilQueuedFinalIsEnqueued" classname="com.amphion.asr.internal.FinalCallbackOrderGateTest" time="0.0"/>
  <testcase name="stoppedWaitsForEveryQueuedFinal" classname="com.amphion.asr.internal.FinalCallbackOrderGateTest" time="0.0"/>
  <testcase name="stoppedIsImmediateWhenNoFinalIsPending" classname="com.amphion.asr.internal.FinalCallbackOrderGateTest" time="0.0"/>
  <system-out><![CDATA[]]></system-out>
  <system-err><![CDATA[]]></system-err>
</testsuite>
