<?xml version="1.0" encoding="UTF-8"?>
<testsuite name="com.amphion.dingqiao.RejectedFinalLifecycleTest" tests="2" skipped="0" failures="0" errors="0" timestamp="2026-08-24T05:40:34" hostname="redacted" time="0.0">
  <properties/>
  <testcase name="nonLastRejectedFinal_doesNotCompleteSession" classname="com.amphion.dingqiao.RejectedFinalLifecycleTest" time="0.0"/>
  <testcase name="lastRejectedFinal_completesSession" classname="com.amphion.dingqiao.RejectedFinalLifecycleTest" time="0.0"/>
  <system-out><![CDATA[]]></system-out>
  <system-err><![CDATA[]]></system-err>
</testsuite>
